<component name="libraryTable">
  <library name="junit-4.9b3">
    <CLASSES>
      <root url="jar://$PROJECT_DIR$/Lib/Org/JUnit/4.9b3/junit-4.9b3.jar!/" />
    </CLASSES>
    <JAVADOC />
    <SOURCES />
  </library>
</component>